<?xml version="1.0" encoding="UTF-8"?>
<!-- Generated by org.testng.reporters.JUnitReportReporter -->
<testsuite hostname="LAPTOP-78A3MHKK" failures="0" tests="2" name="testclassnew.BookAHotelValidDataTest" time="3.638" errors="0" timestamp="2025-01-23T22:54:31 GMT" skipped="0">
  <testcase classname="testclassnew.BookAHotelValidDataTest" name="enterValidData" time="1.997"/>
  <system-out/>
  <testcase classname="testclassnew.BookAHotelValidDataTest" name="enterValidData" time="1.641"/>
  <system-out/>
</testsuite> <!-- testclassnew.BookAHotelValidDataTest -->
