<?xml version="1.0" encoding="UTF-8"?>
<!-- Generated by org.testng.reporters.JUnitReportReporter -->
<testsuite hostname="LAPTOP-78A3MHKK" failures="0" tests="23" name="testclassnew.searchHotelTest" time="100.828" errors="0" timestamp="2025-01-23T22:54:31 GMT" skipped="0">
  <testcase classname="testclassnew.searchHotelTest" name="validateSearchHotelElements" time="0.724"/>
  <system-out/>
  <testcase classname="testclassnew.searchHotelTest" name="validateSearchHotelElementsErorMessages" time="1.019"/>
  <system-out/>
  <testcase classname="testclassnew.searchHotelTest" name="validateSearchHotelElementsErorMessages" time="0.839"/>
  <system-out/>
  <testcase classname="testclassnew.searchHotelTest" name="validateSearchHotelElementsErorMessages" time="0.778"/>
  <system-out/>
  <testcase classname="testclassnew.searchHotelTest" name="validateSearchHotelElementsErorMessages" time="0.965"/>
  <system-out/>
  <testcase classname="testclassnew.searchHotelTest" name="validateSearchHotelElementsErorMessages" time="0.936"/>
  <system-out/>
  <testcase classname="testclassnew.searchHotelTest" name="validateSearchHotelPage" time="5.149"/>
  <system-out/>
  <testcase classname="testclassnew.searchHotelTest" name="validateSearchHotelPage" time="6.010"/>
  <system-out/>
  <testcase classname="testclassnew.searchHotelTest" name="validateSearchHotelPage" time="5.773"/>
  <system-out/>
  <testcase classname="testclassnew.searchHotelTest" name="validateSearchHotelPage" time="5.935"/>
  <system-out/>
  <testcase classname="testclassnew.searchHotelTest" name="validateSearchHotelPage" time="5.339"/>
  <system-out/>
  <testcase classname="testclassnew.searchHotelTest" name="validateSearchHotelPage" time="5.864"/>
  <system-out/>
  <testcase classname="testclassnew.searchHotelTest" name="validateSearchHotelPage" time="6.142"/>
  <system-out/>
  <testcase classname="testclassnew.searchHotelTest" name="validateSearchHotelPage" time="5.718"/>
  <system-out/>
  <testcase classname="testclassnew.searchHotelTest" name="validateSearchHotelPage" time="6.142"/>
  <system-out/>
  <testcase classname="testclassnew.searchHotelTest" name="validateSearchHotelPage" time="4.871"/>
  <system-out/>
  <testcase classname="testclassnew.searchHotelTest" name="validateSearchHotelPage" time="6.146"/>
  <system-out/>
  <testcase classname="testclassnew.searchHotelTest" name="validateSearchHotelPage" time="5.734"/>
  <system-out/>
  <testcase classname="testclassnew.searchHotelTest" name="validateSearchHotelPage" time="5.870"/>
  <system-out/>
  <testcase classname="testclassnew.searchHotelTest" name="validateSearchHotelPage" time="5.014"/>
  <system-out/>
  <testcase classname="testclassnew.searchHotelTest" name="validateSearchHotelPage" time="5.095"/>
  <system-out/>
  <testcase classname="testclassnew.searchHotelTest" name="validateSearchHotelPage" time="5.789"/>
  <system-out/>
  <testcase classname="testclassnew.searchHotelTest" name="validateSearchHotelPage" time="4.976"/>
  <system-out/>
</testsuite> <!-- testclassnew.searchHotelTest -->
