<?xml version="1.0" encoding="UTF-8"?>
<!-- Generated by org.testng.reporters.JUnitReportReporter -->
<testsuite hostname="LAPTOP-78A3MHKK" failures="0" tests="5" name="testclassnew.searchHotelOneValidInputTest" time="11.664" errors="0" timestamp="2025-01-23T22:54:31 GMT" skipped="0">
  <testcase classname="testclassnew.searchHotelOneValidInputTest" name="validateOneValidInput" time="2.148"/>
  <system-out/>
  <testcase classname="testclassnew.searchHotelOneValidInputTest" name="validateOneValidInput" time="2.139"/>
  <system-out/>
  <testcase classname="testclassnew.searchHotelOneValidInputTest" name="validateOneValidInput" time="2.103"/>
  <system-out/>
  <testcase classname="testclassnew.searchHotelOneValidInputTest" name="validateOneValidInput" time="2.090"/>
  <system-out/>
  <testcase classname="testclassnew.searchHotelOneValidInputTest" name="validateOneValidInput" time="3.184"/>
  <system-out/>
</testsuite> <!-- testclassnew.searchHotelOneValidInputTest -->
