<?xml version="1.0" encoding="UTF-8"?>
<!-- Generated by org.testng.reporters.JUnitReportReporter -->
<testsuite hostname="LAPTOP-78A3MHKK" failures="0" tests="9" name="testclassnew.BookAHotelErrorMessages" time="14.832" errors="0" timestamp="2025-01-23T22:54:31 GMT" skipped="0">
  <testcase classname="testclassnew.BookAHotelErrorMessages" name="enterFNDetailsErrorMessages" time="1.935"/>
  <system-out/>
  <testcase classname="testclassnew.BookAHotelErrorMessages" name="enterFNDetailsErrorMessages" time="1.777"/>
  <system-out/>
  <testcase classname="testclassnew.BookAHotelErrorMessages" name="enterFNDetailsErrorMessages" time="1.633"/>
  <system-out/>
  <testcase classname="testclassnew.BookAHotelErrorMessages" name="enterFNDetailsErrorMessages" time="1.328"/>
  <system-out/>
  <testcase classname="testclassnew.BookAHotelErrorMessages" name="enterFNDetailsErrorMessages" time="1.387"/>
  <system-out/>
  <testcase classname="testclassnew.BookAHotelErrorMessages" name="enterFNDetailsErrorMessages" time="1.776"/>
  <system-out/>
  <testcase classname="testclassnew.BookAHotelErrorMessages" name="enterFNDetailsErrorMessages" time="1.656"/>
  <system-out/>
  <testcase classname="testclassnew.BookAHotelErrorMessages" name="enterFNDetailsErrorMessages" time="1.590"/>
  <system-out/>
  <testcase classname="testclassnew.BookAHotelErrorMessages" name="enterFNDetailsErrorMessages" time="1.750"/>
  <system-out/>
</testsuite> <!-- testclassnew.BookAHotelErrorMessages -->
