<?xml version="1.0" encoding="UTF-8"?>
<!-- Generated by org.testng.reporters.JUnitReportReporter -->
<testsuite hostname="LAPTOP-78A3MHKK" failures="0" tests="5" name="testclassnew.selectHotelTest" time="10.066" errors="0" timestamp="2025-01-23T22:54:31 GMT" skipped="0">
  <testcase classname="testclassnew.selectHotelTest" name="validateSelectHotelPageFields" time="1.811"/>
  <system-out/>
  <testcase classname="testclassnew.selectHotelTest" name="validateSelectHotelPageFields" time="2.231"/>
  <system-out/>
  <testcase classname="testclassnew.selectHotelTest" name="validateSelectHotelPageFields" time="1.833"/>
  <system-out/>
  <testcase classname="testclassnew.selectHotelTest" name="validateSelectHotelPageFields" time="1.727"/>
  <system-out/>
  <testcase classname="testclassnew.selectHotelTest" name="validateSelectHotelPageFields" time="2.464"/>
  <system-out/>
</testsuite> <!-- testclassnew.selectHotelTest -->
