<?xml version="1.0" encoding="UTF-8"?>
<!-- Generated by org.testng.reporters.JUnitReportReporter -->
<testsuite hostname="LAPTOP-78A3MHKK" failures="0" tests="1" name="testclassnew.searchHotelMoreRoomsPriceTest" time="2.577" errors="0" timestamp="2025-01-23T22:54:31 GMT" skipped="0">
  <testcase classname="testclassnew.searchHotelMoreRoomsPriceTest" name="MoreRoomsInput" time="2.577"/>
  <system-out/>
</testsuite> <!-- testclassnew.searchHotelMoreRoomsPriceTest -->
