<?xml version="1.0" encoding="UTF-8"?>
<!-- Generated by org.testng.reporters.JUnitReportReporter -->
<testsuite hostname="LAPTOP-78A3MHKK" failures="0" tests="2" name="testclassnew.BookAHotelConfirmationTest" time="5.496" errors="0" timestamp="2025-01-23T22:54:31 GMT" skipped="0">
  <testcase classname="testclassnew.BookAHotelConfirmationTest" name="validateBookAHotelConfimationPage" time="0.080"/>
  <system-out/>
  <testcase classname="testclassnew.BookAHotelConfirmationTest" name="validateallFiledsandValues" time="5.416"/>
  <system-out/>
</testsuite> <!-- testclassnew.BookAHotelConfirmationTest -->
