<?xml version="1.0" encoding="UTF-8"?>
<!-- Generated by org.testng.reporters.JUnitReportReporter -->
<testsuite hostname="LAPTOP-78A3MHKK" failures="0" tests="1" name="testclassnew.selectHotelMoreRoomsTest" time="0.157" errors="0" timestamp="2025-01-21T22:45:37 GMT" skipped="0">
  <testcase classname="testclassnew.selectHotelMoreRoomsTest" name="MoreDaysTotalPriceofRoom" time="0.157"/>
  <system-out/>
</testsuite> <!-- testclassnew.selectHotelMoreRoomsTest -->
