<?xml version="1.0" encoding="UTF-8"?>
<!-- Generated by org.testng.reporters.JUnitReportReporter -->
<testsuite hostname="LAPTOP-78A3MHKK" failures="0" tests="36" name="testclassnew.logInTest" time="123.888" errors="0" timestamp="2025-01-23T22:54:31 GMT" skipped="0">
  <testcase classname="testclassnew.logInTest" name="validatelogIn" time="0.458"/>
  <system-out/>
  <testcase classname="testclassnew.logInTest" name="validatelogIn" time="0.493"/>
  <system-out/>
  <testcase classname="testclassnew.logInTest" name="validatelogIn" time="0.470"/>
  <system-out/>
  <testcase classname="testclassnew.logInTest" name="validatelogIn" time="0.813"/>
  <system-out/>
  <testcase classname="testclassnew.logInTest" name="validatelogIn" time="0.481"/>
  <system-out/>
  <testcase classname="testclassnew.logInTest" name="validatelogIn" time="11.313"/>
  <system-out/>
  <testcase classname="testclassnew.logInTest" name="validatelogIn" time="1.128"/>
  <system-out/>
  <testcase classname="testclassnew.logInTest" name="validatelogIn" time="0.715"/>
  <system-out/>
  <testcase classname="testclassnew.logInTest" name="validatelogIn" time="0.426"/>
  <system-out/>
  <testcase classname="testclassnew.logInTest" name="validatelogIn" time="0.833"/>
  <system-out/>
  <testcase classname="testclassnew.logInTest" name="validatelogIn" time="0.438"/>
  <system-out/>
  <testcase classname="testclassnew.logInTest" name="validatelogIn" time="0.872"/>
  <system-out/>
  <testcase classname="testclassnew.logInTest" name="validatelogIn" time="1.160"/>
  <system-out/>
  <testcase classname="testclassnew.logInTest" name="validatelogIn" time="0.654"/>
  <system-out/>
  <testcase classname="testclassnew.logInTest" name="validatelogIn" time="0.657"/>
  <system-out/>
  <testcase classname="testclassnew.logInTest" name="validatelogIn" time="0.419"/>
  <system-out/>
  <testcase classname="testclassnew.logInTest" name="validatelogIn" time="0.651"/>
  <system-out/>
  <testcase classname="testclassnew.logInTest" name="validatelogIn" time="11.391"/>
  <system-out/>
  <testcase classname="testclassnew.logInTest" name="validatelogIn" time="0.904"/>
  <system-out/>
  <testcase classname="testclassnew.logInTest" name="validatelogIn" time="0.855"/>
  <system-out/>
  <testcase classname="testclassnew.logInTest" name="validatelogIn" time="11.486"/>
  <system-out/>
  <testcase classname="testclassnew.logInTest" name="validatelogIn" time="0.850"/>
  <system-out/>
  <testcase classname="testclassnew.logInTest" name="validatelogIn" time="0.700"/>
  <system-out/>
  <testcase classname="testclassnew.logInTest" name="validatelogIn" time="11.416"/>
  <system-out/>
  <testcase classname="testclassnew.logInTest" name="validatelogIn" time="13.222"/>
  <system-out/>
  <testcase classname="testclassnew.logInTest" name="validatelogIn" time="11.518"/>
  <system-out/>
  <testcase classname="testclassnew.logInTest" name="validatelogIn" time="0.651"/>
  <system-out/>
  <testcase classname="testclassnew.logInTest" name="validatelogIn" time="11.405"/>
  <system-out/>
  <testcase classname="testclassnew.logInTest" name="validatelogIn" time="12.044"/>
  <system-out/>
  <testcase classname="testclassnew.logInTest" name="validatelogIn" time="0.508"/>
  <system-out/>
  <testcase classname="testclassnew.logInTest" name="validatelogIn" time="0.504"/>
  <system-out/>
  <testcase classname="testclassnew.logInTest" name="validatelogIn" time="11.543"/>
  <system-out/>
  <testcase classname="testclassnew.logInTest" name="validatelogIn" time="0.604"/>
  <system-out/>
  <testcase classname="testclassnew.logInTest" name="validatelogIn" time="0.741"/>
  <system-out/>
  <testcase classname="testclassnew.logInTest" name="validatelogIn" time="0.903"/>
  <system-out/>
  <testcase classname="testclassnew.logInTest" name="validatelogIn" time="0.662"/>
  <system-out/>
</testsuite> <!-- testclassnew.logInTest -->
